<?xml version="1.0" encoding="UTF-8"?>
<!-- Generated by org.testng.reporters.JUnitReportReporter -->
<testsuite hostname="LAPTOP-AH6482H9" failures="0" tests="4" name="tests.LoginSignUpTest" time="2.960" errors="0" timestamp="2026-03-11T16:20:56 IST" skipped="0">
  <testcase classname="tests.LoginSignUpTest" name="clickOnLogin" time="2.407"/>
  <testcase classname="tests.LoginSignUpTest" name="clickOnEmail" time="0.316"/>
  <testcase classname="tests.LoginSignUpTest" name="clickOnPassword" time="0.091"/>
  <testcase classname="tests.LoginSignUpTest" name="clickOnLoginBtn" time="0.146"/>
</testsuite> <!-- tests.LoginSignUpTest -->
