<?xml version="1.0" encoding="UTF-8"?>
<!-- Generated by org.testng.reporters.JUnitReportReporter -->
<testsuite hostname="LAPTOP-AH6482H9" failures="0" tests="8" name="tests.LoginPageTest" time="8.820" errors="0" timestamp="2026-03-10T23:21:23 IST" skipped="0">
  <testcase classname="tests.LoginPageTest" name="clickOnLogin" time="2.393"/>
  <testcase classname="tests.LoginPageTest" name="clickOnName" time="0.293"/>
  <testcase classname="tests.LoginPageTest" name="clickOnEmail" time="1.460"/>
  <testcase classname="tests.LoginPageTest" name="clickOnFillPass" time="0.452"/>
  <testcase classname="tests.LoginPageTest" name="clickOnDate" time="0.838"/>
  <testcase classname="tests.LoginPageTest" name="fillDetails" time="1.049"/>
  <testcase classname="tests.LoginPageTest" name="createA" time="2.282"/>
  <testcase classname="tests.LoginPageTest" name="AccCreated" time="0.053"/>
</testsuite> <!-- tests.LoginPageTest -->
