<?xml version="1.0" encoding="UTF-8"?>
<!-- Generated by org.testng.reporters.JUnitReportReporter -->
<testsuite hostname="LAPTOP-AH6482H9" failures="0" tests="6" name="tests.LoginPageTest" time="8.153" errors="0" timestamp="2026-03-09T12:38:50 IST" skipped="0">
  <testcase classname="tests.LoginPageTest" name="clickOnLogin" time="1.921"/>
  <testcase classname="tests.LoginPageTest" name="clickOnName" time="0.132"/>
  <testcase classname="tests.LoginPageTest" name="clickOnEmail" time="2.622"/>
  <testcase classname="tests.LoginPageTest" name="clickOnFillPass" time="0.848"/>
  <testcase classname="tests.LoginPageTest" name="clickOnDate" time="1.049"/>
  <testcase classname="tests.LoginPageTest" name="fillDetails" time="1.581"/>
</testsuite> <!-- tests.LoginPageTest -->
