<?xml version="1.0" encoding="UTF-8"?>
<testng-results ignored="0" total="6" passed="6" failed="0" skipped="0">
  <reporter-output>
  </reporter-output>
  <suite started-at="2026-03-09T12:38:34 IST" name="Default suite" finished-at="2026-03-09T12:38:50 IST" duration-ms="16275">
    <groups>
    </groups>
    <test started-at="2026-03-09T12:38:34 IST" name="Default test" finished-at="2026-03-09T12:38:50 IST" duration-ms="16275">
      <class name="tests.LoginPageTest">
        <test-method is-config="true" signature="UrlLaunch()[pri:0, instance:tests.LoginPageTest@6989da5e]" started-at="2026-03-09T12:38:34 IST" name="UrlLaunch" finished-at="2026-03-09T12:38:42 IST" duration-ms="8037" status="PASS">
          <reporter-output>
          </reporter-output>
        </test-method> <!-- UrlLaunch -->
        <test-method signature="clickOnLogin()[pri:1, instance:tests.LoginPageTest@6989da5e]" started-at="2026-03-09T12:38:42 IST" name="clickOnLogin" finished-at="2026-03-09T12:38:44 IST" duration-ms="1921" status="PASS">
          <reporter-output>
          </reporter-output>
        </test-method> <!-- clickOnLogin -->
        <test-method signature="clickOnName()[pri:2, instance:tests.LoginPageTest@6989da5e]" started-at="2026-03-09T12:38:44 IST" name="clickOnName" finished-at="2026-03-09T12:38:44 IST" duration-ms="132" status="PASS">
          <reporter-output>
          </reporter-output>
        </test-method> <!-- clickOnName -->
        <test-method signature="clickOnEmail()[pri:3, instance:tests.LoginPageTest@6989da5e]" started-at="2026-03-09T12:38:44 IST" name="clickOnEmail" finished-at="2026-03-09T12:38:47 IST" duration-ms="2622" status="PASS">
          <reporter-output>
          </reporter-output>
        </test-method> <!-- clickOnEmail -->
        <test-method signature="clickOnFillPass()[pri:4, instance:tests.LoginPageTest@6989da5e]" started-at="2026-03-09T12:38:47 IST" name="clickOnFillPass" finished-at="2026-03-09T12:38:47 IST" duration-ms="848" status="PASS">
          <reporter-output>
          </reporter-output>
        </test-method> <!-- clickOnFillPass -->
        <test-method signature="clickOnDate()[pri:5, instance:tests.LoginPageTest@6989da5e]" started-at="2026-03-09T12:38:47 IST" name="clickOnDate" finished-at="2026-03-09T12:38:49 IST" duration-ms="1049" status="PASS">
          <reporter-output>
          </reporter-output>
        </test-method> <!-- clickOnDate -->
        <test-method signature="fillDetails()[pri:6, instance:tests.LoginPageTest@6989da5e]" started-at="2026-03-09T12:38:49 IST" name="fillDetails" finished-at="2026-03-09T12:38:50 IST" duration-ms="1581" status="PASS">
          <reporter-output>
          </reporter-output>
        </test-method> <!-- fillDetails -->
      </class> <!-- tests.LoginPageTest -->
    </test> <!-- Default test -->
  </suite> <!-- Default suite -->
</testng-results>
