<?xml version="1.0" encoding="UTF-8"?>
<!-- Generated by org.testng.reporters.JUnitXMLReporter -->
<testsuite ignored="0" hostname="LAPTOP-AH6482H9" failures="0" tests="8" name="Default test" time="16.284" errors="0" timestamp="2026-03-10T23:21:23 IST">
  <testcase classname="tests.LoginPageTest" name="clickOnLogin" time="2.393"/>
  <testcase classname="tests.LoginPageTest" name="clickOnName" time="0.293"/>
  <testcase classname="tests.LoginPageTest" name="clickOnEmail" time="1.46"/>
  <testcase classname="tests.LoginPageTest" name="clickOnFillPass" time="0.452"/>
  <testcase classname="tests.LoginPageTest" name="clickOnDate" time="0.838"/>
  <testcase classname="tests.LoginPageTest" name="fillDetails" time="1.049"/>
  <testcase classname="tests.LoginPageTest" name="createA" time="2.282"/>
  <testcase classname="tests.LoginPageTest" name="AccCreated" time="0.053"/>
</testsuite> <!-- Default test -->
